2026-03-10 17:27:15.317 | INFO     | api:analyse_sentiment:16 - Received text: Hello Test log
2026-03-10 17:27:15.318 | INFO     | api:analyse_sentiment:21 - Results: {'neg': 0.0, 'neu': 1.0, 'pos': 0.0, 'compound': 0.0}
2026-03-10 17:27:29.153 | INFO     | api:analyse_sentiment:16 - Received text: I'm so happy to do what i do for living
2026-03-10 17:27:29.155 | INFO     | api:analyse_sentiment:21 - Results: {'neg': 0.0, 'neu': 0.667, 'pos': 0.333, 'compound': 0.6115}
2026-03-10 17:27:36.620 | INFO     | api:analyse_sentiment:16 - Received text: I'm so happy to do what i do for living !!!
2026-03-10 17:27:36.621 | INFO     | api:analyse_sentiment:21 - Results: {'neg': 0.0, 'neu': 0.649, 'pos': 0.351, 'compound': 0.7067}
2026-03-10 17:30:20.056 | INFO     | api:analyse_sentiment:16 - Received text: I love this product!
2026-03-10 17:30:20.056 | INFO     | api:analyse_sentiment:21 - Results: {'neg': 0.0, 'neu': 0.308, 'pos': 0.692, 'compound': 0.6696}
2026-03-10 17:30:30.600 | INFO     | api:analyse_sentiment:16 - Received text: I love this product!
2026-03-10 17:30:30.600 | INFO     | api:analyse_sentiment:21 - Results: {'neg': 0.0, 'neu': 0.308, 'pos': 0.692, 'compound': 0.6696}
2026-03-10 17:30:52.148 | INFO     | api:analyse_sentiment:16 - Received text: I'm so happy to do what I do for living
2026-03-10 17:30:52.149 | INFO     | api:analyse_sentiment:21 - Results: {'neg': 0.0, 'neu': 0.667, 'pos': 0.333, 'compound': 0.6115}
2026-03-10 17:44:59.329 | INFO     | api:analyse_sentiment:16 - Received text: I'm so happy
2026-03-10 17:44:59.330 | INFO     | api:analyse_sentiment:21 - Results: {'neg': 0.0, 'neu': 0.334, 'pos': 0.666, 'compound': 0.6115}
2026-03-10 17:45:41.825 | INFO     | api:analyse_sentiment:16 - Received text: Test
2026-03-10 17:45:41.826 | INFO     | api:analyse_sentiment:21 - Results: {'neg': 0.0, 'neu': 1.0, 'pos': 0.0, 'compound': 0.0}
2026-03-10 17:46:02.870 | INFO     | api:analyse_sentiment:16 - Received text: rr
2026-03-10 17:46:02.870 | INFO     | api:analyse_sentiment:21 - Results: {'neg': 0.0, 'neu': 1.0, 'pos': 0.0, 'compound': 0.0}
2026-03-10 17:46:12.197 | INFO     | api:analyse_sentiment:16 - Received text: rrr
2026-03-10 17:46:12.198 | INFO     | api:analyse_sentiment:21 - Results: {'neg': 0.0, 'neu': 1.0, 'pos': 0.0, 'compound': 0.0}
2026-03-10 17:46:32.894 | INFO     | api:analyse_sentiment:16 - Received text: test
2026-03-10 17:46:32.895 | INFO     | api:analyse_sentiment:21 - Results: {'neg': 0.0, 'neu': 1.0, 'pos': 0.0, 'compound': 0.0}
2026-03-10 17:47:53.908 | INFO     | api:analyse_sentiment:16 - Received text: test
2026-03-10 17:47:53.908 | INFO     | api:analyse_sentiment:21 - Results: {'neg': 0.0, 'neu': 1.0, 'pos': 0.0, 'compound': 0.0}
2026-03-10 17:48:11.957 | INFO     | api:analyse_sentiment:16 - Received text: test
2026-03-10 17:48:11.957 | INFO     | api:analyse_sentiment:21 - Results: {'neg': 0.0, 'neu': 1.0, 'pos': 0.0, 'compound': 0.0}
2026-03-10 17:48:36.331 | INFO     | api:analyse_sentiment:16 - Received text: test
2026-03-10 17:48:36.332 | INFO     | api:analyse_sentiment:21 - Results: {'neg': 0.0, 'neu': 1.0, 'pos': 0.0, 'compound': 0.0}
2026-03-10 17:48:51.650 | INFO     | api:analyse_sentiment:16 - Received text: test
2026-03-10 17:48:51.651 | INFO     | api:analyse_sentiment:21 - Results: {'neg': 0.0, 'neu': 1.0, 'pos': 0.0, 'compound': 0.0}
2026-03-10 17:49:38.219 | INFO     | api:analyse_sentiment:16 - Received text: test
2026-03-10 17:49:38.220 | INFO     | api:analyse_sentiment:21 - Results: {'neg': 0.0, 'neu': 1.0, 'pos': 0.0, 'compound': 0.0}
2026-03-10 17:49:40.816 | INFO     | api:analyse_sentiment:16 - Received text: sad
2026-03-10 17:49:40.817 | INFO     | api:analyse_sentiment:21 - Results: {'neg': 1.0, 'neu': 0.0, 'pos': 0.0, 'compound': -0.4767}
2026-03-10 17:49:58.945 | INFO     | api:analyse_sentiment:16 - Received text: Happy !
2026-03-10 17:49:58.946 | INFO     | api:analyse_sentiment:21 - Results: {'neg': 0.0, 'neu': 0.0, 'pos': 1.0, 'compound': 0.6114}
2026-03-10 17:51:05.316 | INFO     | api:analyse_sentiment:16 - Received text: rrr
2026-03-10 17:51:05.316 | INFO     | api:analyse_sentiment:21 - Results: {'neg': 0.0, 'neu': 1.0, 'pos': 0.0, 'compound': 0.0}
2026-03-10 17:52:31.051 | INFO     | api:analyse_sentiment:16 - Received text: rrr
2026-03-10 17:52:31.052 | INFO     | api:analyse_sentiment:21 - Results: {'neg': 0.0, 'neu': 1.0, 'pos': 0.0, 'compound': 0.0}
2026-03-10 17:52:48.993 | INFO     | api:analyse_sentiment:16 - Received text: rrrr
2026-03-10 17:52:48.993 | INFO     | api:analyse_sentiment:21 - Results: {'neg': 0.0, 'neu': 1.0, 'pos': 0.0, 'compound': 0.0}
2026-03-10 17:52:51.703 | INFO     | api:analyse_sentiment:16 - Received text: rr
2026-03-10 17:52:51.703 | INFO     | api:analyse_sentiment:21 - Results: {'neg': 0.0, 'neu': 1.0, 'pos': 0.0, 'compound': 0.0}
2026-03-10 17:53:40.667 | INFO     | api:analyse_sentiment:16 - Received text: tyrs
2026-03-10 17:53:40.668 | INFO     | api:analyse_sentiment:21 - Results: {'neg': 0.0, 'neu': 1.0, 'pos': 0.0, 'compound': 0.0}
2026-03-10 17:55:14.687 | INFO     | api:analyse_sentiment:16 - Received text: tyrsttg
2026-03-10 17:55:14.687 | INFO     | api:analyse_sentiment:21 - Results: {'neg': 0.0, 'neu': 1.0, 'pos': 0.0, 'compound': 0.0}
2026-03-10 17:56:57.072 | INFO     | api:analyse_sentiment:16 - Received text: test
2026-03-10 17:56:57.072 | INFO     | api:analyse_sentiment:21 - Results: {'neg': 0.0, 'neu': 1.0, 'pos': 0.0, 'compound': 0.0}
2026-03-10 17:57:14.966 | INFO     | api:analyse_sentiment:16 - Received text: I'm so happy to do what i do for living
2026-03-10 17:57:14.967 | INFO     | api:analyse_sentiment:21 - Results: {'neg': 0.0, 'neu': 0.667, 'pos': 0.333, 'compound': 0.6115}
2026-03-10 17:58:12.451 | INFO     | api:analyse_sentiment:16 - Received text: I'm so happy to do what i do for livinge
2026-03-10 17:58:12.452 | INFO     | api:analyse_sentiment:21 - Results: {'neg': 0.0, 'neu': 0.667, 'pos': 0.333, 'compound': 0.6115}
2026-03-10 17:58:22.123 | INFO     | api:analyse_sentiment:16 - Received text: I'm so happy to do what i do for living !!
2026-03-10 17:58:22.124 | INFO     | api:analyse_sentiment:21 - Results: {'neg': 0.0, 'neu': 0.663, 'pos': 0.337, 'compound': 0.6785}
